<?xml version="1.0" encoding="UTF-8"?>
<!-- Generated by org.testng.reporters.JUnitReportReporter -->
<testsuite hostname="DESKTOP-4P54B9T" failures="0" tests="1" name="seltest.GlobalValTest" time="0.011" errors="0" timestamp="2022-02-04T14:24:54 IST" skipped="0">
  <testcase classname="seltest.GlobalValTest" name="f" time="0.011"/>
  <system-out/>
</testsuite> <!-- seltest.GlobalValTest -->
