<?xml version="1.0" encoding="UTF-8"?>
<!-- Generated by org.testng.reporters.JUnitReportReporter -->
<testsuite hostname="DESKTOP-4P54B9T" failures="0" tests="1" name="seltest.SeleniumGrid" time="12.770" errors="0" timestamp="2022-02-18T14:40:21 IST" skipped="0">
  <testcase classname="seltest.SeleniumGrid" name="Homepagecheck" time="12.770"/>
  <system-out/>
</testsuite> <!-- seltest.SeleniumGrid -->
